Using GPU : 0 from 1 devices
Eval size:(22108036, 5)
Using GPU : 0 from 1 devices
Eval size:(22108036, 5)
Using GPU : 0 from 1 devices
Eval size:(22108036, 5)
Using GPU : 0 from 1 devices
Eval size:(22108036, 5)
Cal IoU/OA MT
IoU 0
0.0
0.3126543155318852
0.31915859364420884
OA 0:0.46745970560207156
IoU 1
0.0
0.13261556455869
0.14396664332210019
0.2655646972576418
OA 1:0.3146847146440326
IoU 2
0.0
0.0291648319249203
0.002232262235006057
0.022061883324185957
0.13512910866955763
0.2090059201058058
OA 2:0.19501252847607087
IoU 3
0.0
0.043609471681429444
0.001724906752297983
0.01972568505676077
0.0046525698882256975
0.09978093479797491
0.11141374024245851
0.009626028812481927
0.001458505353492968
OA 3:0.11109530489275483
IoU 4
0.0
0.018698896561388144
0.0008835477111385681
0.004687227597906729
0.013141945046337342
0.00012341843976081923
0.004790156978676289
0.0
0.0797296874308129
0.05641370270557676
0.04875520537550141
0.0076665787410122935
0.0019346489975585347
0.0
0.0
OA 4:0.05804052426909383
Cal consistent rate MT: 0.0239224777813823
Cal IoU/OA HE
IoU 0
0.0
0.391674108053926
0.28098070985547324
OA 0:0.507719681657837
IoU 1
0.0
0.01036837901884882
0.14052548941027973
0.28098077629508916
OA 1:0.2825084960057058
IoU 2
0.0
0.01036837901884882
0.0009445914431787605
0.018157193428673377
0.1149413356075789
0.28098077629508916
OA 2:0.2448233303039673
IoU 3
0.0
0.010368376756384388
0.0009445914431787605
0.018157193428673377
0.004800960817928891
0.0713216207393926
0.22918459249072015
0.010831278476534121
0.002792699069848179
OA 3:0.16570508569825018
IoU 4
0.0
0.010368376756384388
0.0009445914431787605
0.0043208644450694516
0.011745424897206272
7.802262559219657e-05
0.0046492596039482996
0.0
0.0713216207393926
0.09840074492075197
0.09925244975571658
0.010831278476534121
0.0020906896406615227
2.8031956430330577e-05
0.0005822955679366886
OA 4:0.08986555838790926
Cal consistent rate HE: 1.0
