Using GPU : 0 from 1 devices
Eval size:(22108036, 5)
Using GPU : 0 from 1 devices
Eval size:(22108036, 5)
Using GPU : 0 from 1 devices
Eval size:(22108036, 5)
Cal IoU/OA MT
IoU 0
0.0
0.3228945347270946
0.3704510434991082
OA 0:0.5019915382804696
IoU 1
0.0
0.10568197233643693
0.16806807615110347
0.3557164601174354
OA 1:0.37133361823727806
IoU 2
0.0
0.010088467062396031
0.0019547818784757627
0.02343585658578555
0.1249940819243761
0.34174453426174184
OA 2:0.2982982748897279
IoU 3
0.0
0.01587931572409849
0.0023119635132033355
0.023400909333267293
0.005468508044194972
0.10249726546282764
0.16496530358465541
0.01461032306471724
0.0006049618024886492
OA 3:0.13392646004375966
IoU 4
0.0
0.005402003588827
0.0005946213793414117
0.0040471956451510645
0.014910318123950071
0.0001862721849854447
0.004498692713772153
0.0
0.08119693886201391
0.07661246449956911
0.09504961960138139
0.013201064305389308
0.0016074768589065572
1.4218554696841025e-05
0.0001134669000842897
OA 4:0.07921508721986883
Cal consistent rate MT: 0.04870464296330981
Cal IoU/OA HE
IoU 0
0.0
0.3267739429427804
0.3926678418733423
OA 0:0.5300303473361451
IoU 1
0.0
0.004662058144436349
0.1843855564730513
0.39266781878003604
OA 1:0.3842144096381967
IoU 2
0.0
0.004662058144436349
1.9367458795731413e-05
0.021929223070169316
0.15150484960056526
0.39266781878003604
OA 2:0.36042695063460184
IoU 3
0.0
0.004662057110947782
1.9367458795731413e-05
0.021929223070169316
0.006322234644327203
0.09533062477659442
0.2466594339555656
0.015466475275135826
0.001160099900038823
OA 3:0.1825284254105611
IoU 4
0.0
0.004662057110947782
1.9367458795731413e-05
0.0049185249043620155
0.0111268189555056
0.000333829349927343
0.005529423770955681
0.0
0.09533062477659442
0.09539562017660955
0.1291316936418095
0.015466475275135826
0.0010527310796514722
2.6262363292980643e-05
0.00012118335546612673
OA 4:0.10658834642751622
Cal consistent rate HE: 1.0
Using GPU : 0 from 1 devices
Eval size:(22108036, 5)
Cal IoU/OA MT
IoU 0
0.0
0.40446376797971006
0.2728310907304152
OA 0:0.47488022002497193
IoU 1
0.0
0.23436219624358964
0.15722591706382055
0.1499240812002319
OA 1:0.2970324455777076
IoU 2
0.0
0.06587307888023607
0.003822626748008462
0.02274267966561243
0.11026964283730968
0.09901614042899635
OA 2:0.1296045474143429
IoU 3
0.0
0.0623948326884241
0.004437718538573629
0.02079420317288261
0.0051901342552178355
0.08160470085933787
0.10045454060110177
0.01517232051233045
0.0010076254733625163
OA 3:0.10715126391145735
IoU 4
0.0
0.07199649252335587
0.004898944558203967
0.006367068334084559
0.013417763688355367
0.00018519545197716788
0.004536761995988458
0.0
0.030818183303114945
0.05050359694781889
0.03244695119179915
0.015104567722475828
0.000306545609853547
1.9753866819429903e-05
0.0
OA 4:0.06343901375952166
Cal consistent rate MT: 0.016942889001990046
Cal IoU/OA HE
IoU 0
0.0
0.5324503081761693
0.17153795905001554
OA 0:0.5654409102644848
IoU 1
0.0
0.08327320638106699
0.16566022944261913
0.17153794380241924
OA 1:0.24934412989014493
IoU 2
0.0
0.08327320638106699
0.004500854643717879
0.021897955327878162
0.0957484396584345
0.17153794380241924
OA 2:0.17194340555624207
IoU 3
0.0
0.08327329380372028
0.004500854643717879
0.021897955327878162
0.004705002303104475
0.054465058468943985
0.1286449836941987
0.011790181188754571
0.0008843822868585573
OA 3:0.12119362389314003
IoU 4
0.0
0.08327329380372028
0.004500854643717879
0.006025881015466027
0.013937914149165908
0.0001499261046706653
0.005082738070688243
0.0
0.054465058468943985
0.07162959771093377
0.049056578739438896
0.011790181188754571
0.00039751408266353825
1.6903598776179447e-05
0.0
OA 4:0.08589682050454414
Cal consistent rate HE: 1.0
Using GPU : 0 from 1 devices
Eval size:(22108036, 5)
Using GPU : 0 from 1 devices
Eval size:(22108036, 5)
Using GPU : 0 from 1 devices
Eval size:(22108036, 5)
Cal IoU/OA MT
IoU 0
0.0
0.12464182488292243
0.3839371543067413
OA 0:0.430779694768002
IoU 1
0.0
0.030434757735395866
0.1105099672658734
0.36827852138618805
OA 1:0.3648272510502516
IoU 2
0.0
0.00725505880775825
0.0005954666716288889
0.01572180361952682
0.10972594954748076
0.33034750629746845
OA 2:0.29932925746999867
IoU 3
0.0
0.010901885771935477
0.0011179538213987993
0.0183861661873634
0.004893135363261241
0.09965462140763558
0.17071942210086996
0.014335627627274522
0.000835494343790022
OA 3:0.13596228086474982
IoU 4
0.0
0.007490883564860891
0.0002447561005458061
0.0021268510438242462
0.007972723477131695
0.00010650471345278373
0.0033857710110372463
0.0
0.07114634284260228
0.07204328079321615
0.09014315418521399
0.011335095107552373
0.0019833256881818567
2.8097244563434044e-05
0.00032695172012932756
OA 4:0.07394582675729314
Cal consistent rate MT: 0.06103513672584937
Cal IoU/OA HE
IoU 0
0.0
0.09808915581467635
0.38723521744975753
OA 0:0.42427260386223364
IoU 1
0.0
0.005230760745194014
0.05316185899145062
0.3872352658799791
OA 1:0.37845804122989485
IoU 2
0.0
0.005230760745194014
0.00022326038300318705
0.009663819319153404
0.03854623776562625
0.3872352658799791
OA 2:0.3725300610149178
IoU 3
0.0
0.005230759586523229
0.00022326038300318705
0.009663819319153404
0.0022903789993579692
0.02449712488402271
0.28007692623216457
0.0131500188951072
0.0013261590497943615
OA 3:0.21263770332199566
IoU 4
0.0
0.005230759586523229
0.00022326038300318705
0.0011423291755911134
0.0038160222390700026
1.9465998982901553e-05
0.0015247009710796025
0.0
0.02449712488402271
0.10631801693924926
0.14250186404191786
0.0131500188951072
0.0010075982206745513
4.2049403844576995e-06
7.567063096694454e-05
OA 4:0.11275352546015395
Cal consistent rate HE: 1.0
