Using GPU : 0 from 1 devices
Eval size:(22108036, 5)
Using GPU : 0 from 1 devices
Eval size:(22108036, 5)
Using GPU : 0 from 1 devices
Eval size:(22108036, 5)
Using GPU : 0 from 1 devices
Eval size:(22108036, 5)
Using GPU : 0 from 1 devices
Eval size:(22108036, 5)
Using GPU : 0 from 1 devices
Eval size:(22108036, 5)
Using GPU : 0 from 1 devices
Eval size:(22108036, 5)
Cal IoU/OA MT
IoU 0
-1.0
0.7716606697956159
0.6163528284394306
OA 0:0.832943776643027
IoU 1
-1.0
0.7245569199637893
0.5257968159887241
0.6180721700403686
OA 1:0.784623925888306
IoU 2
-1.0
0.7224705206824659
0.36047012761232733
0.0
0.5088097553212343
0.6133545166288314
OA 2:0.7718022984945384
IoU 3
-1.0
0.7297184913561819
0.3519393701068888
0.0
0.07121710661949647
0.5055383583552597
0.62078640493999
0.0
0.0
OA 3:0.7668863484752784
IoU 4
-1.0
0.7292564836652589
0.3900615899236665
0.0
0.0
0.0
0.07348868342885831
0.0
0.5122590112540789
0.3114062038488898
0.28349643215141423
0.0
0.0
0.0
0.0
OA 4:0.6612380222286594
Cal consistent rate MT: 0.9685877569586009
Cal IoU/OA HE
IoU 0
-1.0
0.774621334276659
0.6221402432716117
OA 0:0.8356199076209212
IoU 1
-1.0
0.7253934915570284
0.5287931548756406
0.6221401785842399
OA 1:0.786420783827202
IoU 2
-1.0
0.7253934915570284
0.3542321323518861
0.0
0.5134366984185091
0.6221401785842399
OA 2:0.7756649663497924
IoU 3
-1.0
0.7253936624397126
0.3542321323518861
0.0
0.0729942710532816
0.5044952096138905
0.6121609299721789
0.0
0.0
OA 3:0.7631716358703233
IoU 4
-1.0
0.7253936624397126
0.3542321323518861
0.0
0.0
0.0
0.07295173058029603
0.0
0.5044952096138905
0.3062603246011542
0.2750482856547709
0.0
0.0
0.0
0.0
OA 4:0.6573153761826696
Cal consistent rate HE: 1.0
